googleUNIT1/MediaRecorder/Application/build/intermediates/manifest_merge_blame_file/debug/manifest-merger-blame-debug-report.txt
1<?xml version="1.0" encoding="utf-8"?>
2<!--
3 Copyright 2013 The Android Open Source Project
4
5 Licensed under the Apache License, Version 2.0 (the "License");
6 you may not use this file except in compliance with the License.
7 You may obtain a copy of the License at
8
9     http://www.apache.org/licenses/LICENSE-2.0
10
11 Unless required by applicable law or agreed to in writing, software
12 distributed under the License is distributed on an "AS IS" BASIS,
13 WITHOUT WARRANTIES OR CONDITIONS OF ANY KIND, either express or implied.
14 See the License for the specific language governing permissions and
15 limitations under the License.
16-->
17<manifest xmlns:android="http://schemas.android.com/apk/res/android"
18    package="com.example.android.mediarecorder"
19    android:versionCode="1"
20    android:versionName="1.0" >
21
22    <uses-sdk
23        android:minSdkVersion="16"
23-->src\main\AndroidManifest.xml
24        android:targetSdkVersion="29" />
24-->src\main\AndroidManifest.xml
25
26    <!-- Min/target SDK versions (<uses-sdk>) managed by build.gradle -->
27
28
29    <!-- This app records A/V content from camera and stores it to disk -->
30    <uses-permission android:name="android.permission.WRITE_EXTERNAL_STORAGE" />
30-->src\main\AndroidManifest.xml:27:5-81
30-->src\main\AndroidManifest.xml:27:22-78
31    <uses-permission android:name="android.permission.RECORD_VIDEO" />
31-->src\main\AndroidManifest.xml:28:5-71
31-->src\main\AndroidManifest.xml:28:22-68
32    <uses-permission android:name="android.permission.RECORD_AUDIO" />
32-->src\main\AndroidManifest.xml:29:5-71
32-->src\main\AndroidManifest.xml:29:22-68
33    <uses-permission android:name="android.permission.CAMERA" />
33-->src\main\AndroidManifest.xml:30:5-65
33-->src\main\AndroidManifest.xml:30:22-62
34
35    <uses-feature android:name="android.hardware.camera" />
35-->src\main\AndroidManifest.xml:32:5-60
35-->src\main\AndroidManifest.xml:32:19-57
36
37    <application
37-->src\main\AndroidManifest.xml:34:5-53:19
38        android:allowBackup="true"
38-->src\main\AndroidManifest.xml:35:9-35
39        android:appComponentFactory="androidx.core.app.CoreComponentFactory"
39-->[androidx.core:core:1.1.0] AndroidManifest.xml:24:18-86
40        android:debuggable="true"
41        android:fullBackupContent="true"
41-->src\main\AndroidManifest.xml:36:9-41
42        android:icon="@drawable/ic_launcher"
42-->src\main\AndroidManifest.xml:37:9-45
43        android:label="@string/app_name"
43-->src\main\AndroidManifest.xml:38:9-41
44        android:theme="@style/AppTheme" >
44-->src\main\AndroidManifest.xml:39:9-40
45
46        <!--
47             Since this sample records video from camera preview, locking the orientation to
48            landscape. Landscape mode offers us more preview space with standard video aspect
49            ratios (width > height)
50        -->
51        <activity
51-->src\main\AndroidManifest.xml:44:9-52:20
52            android:name="com.example.android.mediarecorder.MainActivity"
52-->src\main\AndroidManifest.xml:45:13-41
53            android:label="@string/app_name"
53-->src\main\AndroidManifest.xml:46:13-45
54            android:screenOrientation="landscape" >
54-->src\main\AndroidManifest.xml:47:13-50
55            <intent-filter>
55-->src\main\AndroidManifest.xml:48:13-51:29
56                <action android:name="android.intent.action.MAIN" />
56-->src\main\AndroidManifest.xml:49:17-69
56-->src\main\AndroidManifest.xml:49:25-66
57
58                <category android:name="android.intent.category.LAUNCHER" />
58-->src\main\AndroidManifest.xml:50:17-77
58-->src\main\AndroidManifest.xml:50:27-74
59            </intent-filter>
60        </activity>
61    </application>
62
63</manifest>